# JRE version: OpenJDK Runtime Environment (8.0_131-b11) (build 1.8.0_131-8u131-b11-0ubuntu1.16.04.2-b11)
# Java VM: OpenJDK 64-Bit Server VM (25.131-b11 mixed mode linux-amd64 compressed oops)
Heap:
 PSYoungGen      total 1131520K, used 468133K [0x000000076cd00000, 0x00000007bef00000, 0x00000007c0000000)
  eden space 912896K, 50% used [0x000000076cd00000,0x000000078930d6c0,0x00000007a4880000)
  from space 218624K, 1% used [0x00000007a4880000,0x00000007a4b9c010,0x00000007b1e00000)
  to   space 212480K, 0% used [0x00000007b1f80000,0x00000007b1f80000,0x00000007bef00000)
 ParOldGen       total 942592K, used 618161K [0x00000006c6600000, 0x00000006ffe80000, 0x000000076cd00000)
  object space 942592K, 65% used [0x00000006c6600000,0x00000006ec1ac400,0x00000006ffe80000)
 Metaspace       used 22551K, capacity 22998K, committed 23216K, reserved 1069056K
  class space    used 2605K, capacity 2759K, committed 2816K, reserved 1048576K
GC Heap History (10 events):
Event: 20.018 GC heap before
{Heap before GC invocations=15 (full 4):
 PSYoungGen      total 1094656K, used 884736K [0x000000076cd00000, 0x00000007be800000, 0x00000007c0000000)
  eden space 884736K, 100% used [0x000000076cd00000,0x00000007a2d00000,0x00000007a2d00000)
  from space 209920K, 0% used [0x00000007b1b00000,0x00000007b1b00000,0x00000007be800000)
  to   space 226816K, 0% used [0x00000007a2d00000,0x00000007a2d00000,0x00000007b0a80000)
 ParOldGen       total 942592K, used 618137K [0x00000006c6600000, 0x00000006ffe80000, 0x000000076cd00000)
  object space 942592K, 65% used [0x00000006c6600000,0x00000006ec1a6400,0x00000006ffe80000)
 Metaspace       used 21758K, capacity 22170K, committed 22576K, reserved 1069056K
  class space    used 2516K, capacity 2659K, committed 2688K, reserved 1048576K
Event: 20.022 GC heap after
Heap after GC invocations=15 (full 4):
 PSYoungGen      total 1111552K, used 1216K [0x000000076cd00000, 0x00000007c0000000, 0x00000007c0000000)
  eden space 884736K, 0% used [0x000000076cd00000,0x000000076cd00000,0x00000007a2d00000)
  from space 226816K, 0% used [0x00000007a2d00000,0x00000007a2e30000,0x00000007b0a80000)
  to   space 228352K, 0% used [0x00000007b2100000,0x00000007b2100000,0x00000007c0000000)
 ParOldGen       total 942592K, used 618145K [0x00000006c6600000, 0x00000006ffe80000, 0x000000076cd00000)
  object space 942592K, 65% used [0x00000006c6600000,0x00000006ec1a8400,0x00000006ffe80000)
 Metaspace       used 21758K, capacity 22170K, committed 22576K, reserved 1069056K
  class space    used 2516K, capacity 2659K, committed 2688K, reserved 1048576K
}
Event: 22.827 GC heap before
{Heap before GC invocations=16 (full 4):
 PSYoungGen      total 1111552K, used 885952K [0x000000076cd00000, 0x00000007c0000000, 0x00000007c0000000)
  eden space 884736K, 100% used [0x000000076cd00000,0x00000007a2d00000,0x00000007a2d00000)
  from space 226816K, 0% used [0x00000007a2d00000,0x00000007a2e30000,0x00000007b0a80000)
  to   space 228352K, 0% used [0x00000007b2100000,0x00000007b2100000,0x00000007c0000000)
 ParOldGen       total 942592K, used 618145K [0x00000006c6600000, 0x00000006ffe80000, 0x000000076cd00000)
  object space 942592K, 65% used [0x00000006c6600000,0x00000006ec1a8400,0x00000006ffe80000)
 Metaspace       used 21795K, capacity 22234K, committed 22576K, reserved 1069056K
  class space    used 2516K, capacity 2659K, committed 2688K, reserved 1048576K
Event: 22.831 GC heap after
Heap after GC invocations=16 (full 4):
 PSYoungGen      total 1135104K, used 1632K [0x000000076cd00000, 0x00000007bff80000, 0x00000007c0000000)
  eden space 907264K, 0% used [0x000000076cd00000,0x000000076cd00000,0x00000007a4300000)
  from space 227840K, 0% used [0x00000007b2100000,0x00000007b2298000,0x00000007bff80000)
  to   space 227328K, 0% used [0x00000007a4300000,0x00000007a4300000,0x00000007b2100000)
 ParOldGen       total 942592K, used 618153K [0x00000006c6600000, 0x00000006ffe80000, 0x000000076cd00000)
  object space 942592K, 65% used [0x00000006c6600000,0x00000006ec1aa400,0x00000006ffe80000)
 Metaspace       used 21795K, capacity 22234K, committed 22576K, reserved 1069056K
  class space    used 2516K, capacity 2659K, committed 2688K, reserved 1048576K
}
Event: 26.008 GC heap before
{Heap before GC invocations=17 (full 4):
 PSYoungGen      total 1135104K, used 908896K [0x000000076cd00000, 0x00000007bff80000, 0x00000007c0000000)
  eden space 907264K, 100% used [0x000000076cd00000,0x00000007a4300000,0x00000007a4300000)
  from space 227840K, 0% used [0x00000007b2100000,0x00000007b2298000,0x00000007bff80000)
  to   space 227328K, 0% used [0x00000007a4300000,0x00000007a4300000,0x00000007b2100000)
 ParOldGen       total 942592K, used 618153K [0x00000006c6600000, 0x00000006ffe80000, 0x000000076cd00000)
  object space 942592K, 65% used [0x00000006c6600000,0x00000006ec1aa400,0x00000006ffe80000)
 Metaspace       used 21797K, capacity 22234K, committed 22576K, reserved 1069056K
  class space    used 2516K, capacity 2659K, committed 2688K, reserved 1048576K
Event: 26.011 GC heap after
Heap after GC invocations=17 (full 4):
 PSYoungGen      total 909824K, used 2240K [0x000000076cd00000, 0x00000007bf880000, 0x00000007c0000000)
  eden space 907264K, 0% used [0x000000076cd00000,0x000000076cd00000,0x00000007a4300000)
  from space 2560K, 87% used [0x00000007a4300000,0x00000007a4530000,0x00000007a4580000)
  to   space 223744K, 0% used [0x00000007b1e00000,0x00000007b1e00000,0x00000007bf880000)
 ParOldGen       total 942592K, used 618153K [0x00000006c6600000, 0x00000006ffe80000, 0x000000076cd00000)
  object space 942592K, 65% used [0x00000006c6600000,0x00000006ec1aa400,0x00000006ffe80000)
 Metaspace       used 21797K, capacity 22234K, committed 22576K, reserved 1069056K
  class space    used 2516K, capacity 2659K, committed 2688K, reserved 1048576K
}
Event: 29.109 GC heap before
{Heap before GC invocations=18 (full 4):
 PSYoungGen      total 909824K, used 909504K [0x000000076cd00000, 0x00000007bf880000, 0x00000007c0000000)
  eden space 907264K, 100% used [0x000000076cd00000,0x00000007a4300000,0x00000007a4300000)
  from space 2560K, 87% used [0x00000007a4300000,0x00000007a4530000,0x00000007a4580000)
  to   space 223744K, 0% used [0x00000007b1e00000,0x00000007b1e00000,0x00000007bf880000)
 ParOldGen       total 942592K, used 618153K [0x00000006c6600000, 0x00000006ffe80000, 0x000000076cd00000)
  object space 942592K, 65% used [0x00000006c6600000,0x00000006ec1aa400,0x00000006ffe80000)
 Metaspace       used 21797K, capacity 22234K, committed 22576K, reserved 1069056K
  class space    used 2516K, capacity 2659K, committed 2688K, reserved 1048576K
Event: 29.113 GC heap after
Heap after GC invocations=18 (full 4):
 PSYoungGen      total 1136640K, used 2624K [0x000000076cd00000, 0x00000007c0000000, 0x00000007c0000000)
  eden space 912896K, 0% used [0x000000076cd00000,0x000000076cd00000,0x00000007a4880000)
  from space 223744K, 1% used [0x00000007b1e00000,0x00000007b2090000,0x00000007bf880000)
  to   space 218624K, 0% used [0x00000007a4880000,0x00000007a4880000,0x00000007b1e00000)
 ParOldGen       total 942592K, used 618153K [0x00000006c6600000, 0x00000006ffe80000, 0x000000076cd00000)
  object space 942592K, 65% used [0x00000006c6600000,0x00000006ec1aa400,0x00000006ffe80000)
 Metaspace       used 21797K, capacity 22234K, committed 22576K, reserved 1069056K
  class space    used 2516K, capacity 2659K, committed 2688K, reserved 1048576K
}
Event: 2415.091 GC heap before
{Heap before GC invocations=19 (full 4):
 PSYoungGen      total 1136640K, used 915520K [0x000000076cd00000, 0x00000007c0000000, 0x00000007c0000000)
  eden space 912896K, 100% used [0x000000076cd00000,0x00000007a4880000,0x00000007a4880000)
  from space 223744K, 1% used [0x00000007b1e00000,0x00000007b2090000,0x00000007bf880000)
  to   space 218624K, 0% used [0x00000007a4880000,0x00000007a4880000,0x00000007b1e00000)
 ParOldGen       total 942592K, used 618153K [0x00000006c6600000, 0x00000006ffe80000, 0x000000076cd00000)
  object space 942592K, 65% used [0x00000006c6600000,0x00000006ec1aa400,0x00000006ffe80000)
 Metaspace       used 22528K, capacity 22998K, committed 23216K, reserved 1069056K
  class space    used 2602K, capacity 2759K, committed 2816K, reserved 1048576K
Event: 2415.098 GC heap after
Heap after GC invocations=19 (full 4):
 PSYoungGen      total 1131520K, used 3184K [0x000000076cd00000, 0x00000007bef00000, 0x00000007c0000000)
  eden space 912896K, 0% used [0x000000076cd00000,0x000000076cd00000,0x00000007a4880000)
  from space 218624K, 1% used [0x00000007a4880000,0x00000007a4b9c010,0x00000007b1e00000)
  to   space 212480K, 0% used [0x00000007b1f80000,0x00000007b1f80000,0x00000007bef00000)
 ParOldGen       total 942592K, used 618161K [0x00000006c6600000, 0x00000006ffe80000, 0x000000076cd00000)
  object space 942592K, 65% used [0x00000006c6600000,0x00000006ec1ac400,0x00000006ffe80000)
 Metaspace       used 22528K, capacity 22998K, committed 23216K, reserved 1069056K
  class space    used 2602K, capacity 2759K, committed 2816K, reserved 1048576K
}

